Log file open, 08/08/17 22:28:18
LogInit:Display: Running engine for game: MyProject
LogPlatformFile: Not using cached read wrapper
LogInit:Display: RandInit(-2094007337) SRandInit(-2094007337).
LogInit: Using version manifest at CL 0 with build ID 'bc1c33c2-914d-4c67-b723-70b78649c808'
LogTaskGraph: Started task graph with 5 named threads and 6 total threads with 1 sets of task threads.
LogStats: Stats thread started at 0.124056
LogInit: Using libcurl 7.47.1
LogInit:  - built for x86_64-pc-win32
LogInit:  - supports SSL with OpenSSL/1.0.2g
LogInit:  - supports HTTP deflate (compression) using libz 1.2.8
LogInit:  - other features:
LogInit:      CURL_VERSION_SSL
LogInit:      CURL_VERSION_LIBZ
LogInit:      CURL_VERSION_IPV6
LogInit:      CURL_VERSION_ASYNCHDNS
LogInit:      CURL_VERSION_LARGEFILE
LogInit:      CURL_VERSION_IDN
LogInit:  CurlRequestOptions (configurable via config and command line):
LogInit:  - bVerifyPeer = false  - Libcurl will NOT verify peer certificate
LogInit:  - bUseHttpProxy = false  - Libcurl will NOT use HTTP proxy
LogInit:  - bDontReuseConnections = false  - Libcurl will reuse connections
LogInit:  - CertBundlePath = nullptr  - Libcurl will use whatever was configured at build time.
LogInit: Build: ++UE4+Release-4.16-CL-0
LogInit: Engine Version: 4.16.2-0+++UE4+Release-4.16
LogInit: Compatible Engine Version: 4.16.0-0+++UE4+Release-4.16
LogInit: Net CL: 0
LogDevObjectVersion: Number of dev versions registered: 16
LogDevObjectVersion:   Dev-Blueprints (B0D832E4-1F89-4F0D-ACCF-7EB736FD4AA2): 9
LogDevObjectVersion:   Dev-Build (E1C64328-A22C-4D53-A36C-8E866417BD8C): 0
LogDevObjectVersion:   Dev-Core (375EC13C-06E4-48FB-B500-84F0262A717E): 2
LogDevObjectVersion:   Dev-Editor (E4B068ED-F494-42E9-A231-DA0B2E46BB41): 17
LogDevObjectVersion:   Dev-Framework (CFFC743F-43B0-4480-9391-14DF171D2073): 23
LogDevObjectVersion:   Dev-Mobile (B02B49B5-BB20-44E9-A304-32B752E40360): 0
LogDevObjectVersion:   Dev-Networking (A4E4105C-59A1-49B5-A7C5-40C4547EDFEE): 0
LogDevObjectVersion:   Dev-Online (39C831C9-5AE6-47DC-9A44-9C173E1C8E7C): 0
LogDevObjectVersion:   Dev-Physics (78F01B33-EBEA-4F98-B9B4-84EACCB95AA2): 0
LogDevObjectVersion:   Dev-Platform (6631380F-2D4D-43E0-8009-CF276956A95A): 0
LogDevObjectVersion:   Dev-Rendering (12F88B9F-8875-4AFC-A67C-D90C383ABD29): 15
LogDevObjectVersion:   Dev-Sequencer (7B5AE74C-D270-4C10-A958-57980B212A5A): 4
LogDevObjectVersion:   Dev-VR (D7296918-1DD6-4BDD-9DE2-64A83CC13884): 0
LogDevObjectVersion:   Dev-LoadTimes (C2A15278-BFE7-4AFE-6C17-90FF531DF755): 1
LogDevObjectVersion:   Private-Geometry (6EACA3D4-40EC-4CC1-B786-8BED09428FC5): 1
LogDevObjectVersion:   Dev-AnimPhys (29E575DD-E0A3-4627-9D10-D276232CDCEA): 3
LogInit: Compiled (64-bit): Aug  4 2017 01:04:23
LogInit: Compiled with Visual C++: 19.00.24215.01
LogInit: Build Configuration: Development
LogInit: Branch Name: ++UE4+Release-4.16
LogInit: Command line: 
LogInit: Base directory: D:/MICROSOFT_UWP_UNREAL/Engine/Binaries/Win64/
LogInit: Installed Engine Build: 0
LogInit: Presizing for max 8388607 objects, including 0 objects not considered by GC, pre-allocating 0 bytes for permanent pool.
LogInit: Object subsystem initialized
[2017.08.09-03.28.18:828][  0]LogInit: Selected Device Profile: [Windows]
[2017.08.09-03.28.18:828][  0]LogInit: Applying CVar settings loaded from the selected device profile: [Windows]
[2017.08.09-03.28.18:899][  0]LogInit: Computer: DESKTOP-FV8L4P1
[2017.08.09-03.28.18:899][  0]LogInit: User: info
[2017.08.09-03.28.18:899][  0]LogInit: CPU Page size=4096, Cores=2
[2017.08.09-03.28.18:899][  0]LogInit: High frequency timer resolution =3.606719 MHz
[2017.08.09-03.28.18:899][  0]LogMemory: Memory total: Physical=14.9GB (15GB approx)
[2017.08.09-03.28.18:899][  0]LogMemory: Platform Memory Stats for Windows
[2017.08.09-03.28.18:899][  0]LogMemory: Process Physical Memory: 271.97 MB used, 271.97 MB peak
[2017.08.09-03.28.18:899][  0]LogMemory: Process Virtual Memory: 266.22 MB used, 266.22 MB peak
[2017.08.09-03.28.18:899][  0]LogMemory: Physical Memory: 4065.83 MB used,  11215.70 MB free, 15281.53 MB total
[2017.08.09-03.28.18:899][  0]LogMemory: Virtual Memory: 641.06 MB used,  11215.70 MB free, 134217728.00 MB total
[2017.08.09-03.28.18:987][  0]LogInit: Using OS detected language (en-US).
[2017.08.09-03.28.18:987][  0]LogInit: Using OS detected locale (en-US).
[2017.08.09-03.28.18:991][  0]LogTextLocalizationManager: No specific localization for 'en-US' exists, so the 'en' localization will be used.
[2017.08.09-03.28.20:308][  0]LogD3D11RHI: D3D11 adapters:
[2017.08.09-03.28.20:328][  0]LogD3D11RHI:    0. 'AMD Radeon (TM) R9 200 Series' (Feature Level 11_0)
[2017.08.09-03.28.20:328][  0]LogD3D11RHI:       2029/0/7640 MB DedicatedVideo/DedicatedSystem/SharedSystem, Outputs:2, VendorId:0x1002
[2017.08.09-03.28.20:350][  0]LogD3D11RHI:    1. 'AMD Radeon(TM) R7 Graphics' (Feature Level 11_0)
[2017.08.09-03.28.20:350][  0]LogD3D11RHI:       992/0/7640 MB DedicatedVideo/DedicatedSystem/SharedSystem, Outputs:1, VendorId:0x1002
[2017.08.09-03.28.20:352][  0]LogD3D11RHI:    2. 'Microsoft Basic Render Driver' (Feature Level 11_0)
[2017.08.09-03.28.20:352][  0]LogD3D11RHI:       0/0/7640 MB DedicatedVideo/DedicatedSystem/SharedSystem, Outputs:0, VendorId:0x1414
[2017.08.09-03.28.20:352][  0]LogD3D11RHI: Chosen D3D11 Adapter: 0
[2017.08.09-03.28.20:364][  0]LogD3D11RHI: Creating new Direct3DDevice
[2017.08.09-03.28.20:364][  0]LogD3D11RHI:     GPU DeviceId: 0x6811 (for the marketing name, search the web for "GPU Device Id")
[2017.08.09-03.28.20:364][  0]LogWindows: EnumDisplayDevices:
[2017.08.09-03.28.20:364][  0]LogWindows:    0. 'AMD Radeon (TM) R9 200 Series' (P:1 D:1)
[2017.08.09-03.28.20:365][  0]LogWindows:    1. 'AMD Radeon (TM) R9 200 Series' (P:0 D:1)
[2017.08.09-03.28.20:365][  0]LogWindows:    2. 'AMD Radeon (TM) R9 200 Series' (P:0 D:0)
[2017.08.09-03.28.20:365][  0]LogWindows:    3. 'AMD Radeon (TM) R9 200 Series' (P:0 D:0)
[2017.08.09-03.28.20:366][  0]LogWindows:    4. 'AMD Radeon (TM) R9 200 Series' (P:0 D:0)
[2017.08.09-03.28.20:366][  0]LogWindows:    5. 'AMD Radeon (TM) R9 200 Series' (P:0 D:0)
[2017.08.09-03.28.20:366][  0]LogWindows:    6. 'AMD Radeon(TM) R7 Graphics' (P:0 D:1)
[2017.08.09-03.28.20:367][  0]LogWindows:    7. 'AMD Radeon(TM) R7 Graphics' (P:0 D:0)
[2017.08.09-03.28.20:367][  0]LogWindows:    8. 'AMD Radeon(TM) R7 Graphics' (P:0 D:0)
[2017.08.09-03.28.20:368][  0]LogWindows:    9. 'AMD Radeon(TM) R7 Graphics' (P:0 D:0)
[2017.08.09-03.28.20:368][  0]LogWindows: DebugString: PrimaryIsNotTheChoosenAdapter PrimaryIsNotTheChoosenAdapter PrimaryIsNotTheChoosenAdapter PrimaryIsNotTheChoosenAdapter FoundDriverCount:6 
[2017.08.09-03.28.20:368][  0]LogD3D11RHI:     Adapter Name: AMD Radeon (TM) R9 200 Series
[2017.08.09-03.28.20:368][  0]LogD3D11RHI:   Driver Version: Crimson ReLive 17.1.1 (internal:22.19.162.4, unified:22.19.162.4)
[2017.08.09-03.28.20:368][  0]LogD3D11RHI:      Driver Date: 4-24-2017
[2017.08.09-03.28.20:368][  0]LogRHI: Texture pool is 1361 MB (70% of 1945 MB)
[2017.08.09-03.28.20:545][  0]LogD3D11RHI: Async texture creation enabled
[2017.08.09-03.28.20:560][  0]LogD3D11RHI: GPU Timing Frequency: 27.000000 (Debug: 2 1)
[2017.08.09-03.28.20:561][  0]LogShaderCompilers: Guid format shader working directory is 11 characters bigger than the processId version (../../../RubicksCube-JAC/MyProject/Intermediate/Shaders/WorkingDirectory/9936/).
[2017.08.09-03.28.20:562][  0]LogShaderCompilers: Cleaned the shader compiler working directory 'C:/Users/info/AppData/Local/Temp/UnrealShaderWorkingDir/B38C67554066E38939D75FA9BE63C3A4/'.
[2017.08.09-03.28.20:562][  0]LogShaderCompilers:Display: Using Local Shader Compiler.
[2017.08.09-03.28.22:571][  0]LogTemp:Display: Loaded TP AllDesktopTargetPlatform
[2017.08.09-03.28.22:632][  0]LogTemp:Display: Loaded TP MacClientTargetPlatform
[2017.08.09-03.28.22:697][  0]LogTemp:Display: Loaded TP MacNoEditorTargetPlatform
[2017.08.09-03.28.22:759][  0]LogTemp:Display: Loaded TP MacServerTargetPlatform
[2017.08.09-03.28.22:824][  0]LogTemp:Display: Loaded TP MacTargetPlatform
[2017.08.09-03.28.22:946][  0]LogTemp:Display: Loaded TP UWP32TargetPlatform
[2017.08.09-03.28.23:006][  0]LogTemp:Display: Loaded TP UWPTargetPlatform
[2017.08.09-03.28.23:070][  0]LogTemp:Display: Loaded TP WindowsClientTargetPlatform
[2017.08.09-03.28.23:133][  0]LogTemp:Display: Loaded TP WindowsNoEditorTargetPlatform
[2017.08.09-03.28.23:193][  0]LogTemp:Display: Loaded TP WindowsServerTargetPlatform
[2017.08.09-03.28.23:249][  0]LogTemp:Display: Loaded TP WindowsTargetPlatform
[2017.08.09-03.28.23:308][  0]LogTemp:Display: Loaded TP Android_ASTCTargetPlatform
[2017.08.09-03.28.23:369][  0]LogTemp:Display: Loaded TP Android_ATCTargetPlatform
[2017.08.09-03.28.23:427][  0]LogTemp:Display: Loaded TP Android_DXTTargetPlatform
[2017.08.09-03.28.23:486][  0]LogTemp:Display: Loaded TP Android_ETC1TargetPlatform
[2017.08.09-03.28.23:547][  0]LogTemp:Display: Loaded TP Android_ETC2TargetPlatform
[2017.08.09-03.28.23:672][  0]LogTemp:Display: Loaded TP Android_MultiTargetPlatform
[2017.08.09-03.28.23:672][  0]LogTemp:Display: Loaded TP Android_PVRTCTargetPlatform
[2017.08.09-03.28.23:733][  0]LogTemp:Display: Loaded TP AndroidTargetPlatform
[2017.08.09-03.28.23:782][  0]LogTemp:Display: Loaded TP HTML5TargetPlatform
[2017.08.09-03.28.23:893][  0]LogTemp:Display: Loaded TP IOSTargetPlatform
[2017.08.09-03.28.23:931][  0]LogTemp:Display: Loaded TP TVOSTargetPlatform
[2017.08.09-03.28.23:931][  0]LogTargetPlatformManager:Display: Building Assets For Windows
[2017.08.09-03.28.24:604][  0]LogDerivedDataCache:Display: Max Cache Size: 512 MB
[2017.08.09-03.28.25:633][  0]LogDerivedDataCache: Loaded boot cache 1.03s 84MB ../../../RubicksCube-JAC/MyProject/DerivedDataCache/Boot.ddc.
[2017.08.09-03.28.25:633][  0]LogDerivedDataCache:Display: Loaded Boot cache: ../../../RubicksCube-JAC/MyProject/DerivedDataCache/Boot.ddc
[2017.08.09-03.28.25:633][  0]LogDerivedDataCache: FDerivedDataBackendGraph:  Pak pak cache file ../../../RubicksCube-JAC/MyProject/DerivedDataCache/DDC.ddp not found, will not use a pak cache.
[2017.08.09-03.28.25:633][  0]LogDerivedDataCache: Unable to find inner node Pak for hierarchical cache Hierarchy.
[2017.08.09-03.28.25:633][  0]LogDerivedDataCache: FDerivedDataBackendGraph:  EnginePak pak cache file ../../../Engine/DerivedDataCache/DDC.ddp not found, will not use a pak cache.
[2017.08.09-03.28.25:633][  0]LogDerivedDataCache: Unable to find inner node EnginePak for hierarchical cache Hierarchy.
[2017.08.09-03.28.25:661][  0]LogDerivedDataCache: Using Local data cache path ../../../Engine/DerivedDataCache: Writable
[2017.08.09-03.28.25:661][  0]LogDerivedDataCache: Shared data cache path not found in *engine.ini, will not use an Shared cache.
[2017.08.09-03.28.25:661][  0]LogDerivedDataCache: Unable to find inner node Shared for hierarchical cache Hierarchy.
[2017.08.09-03.28.25:681][  0]LogMaterial: Verifying Global Shaders for PCD3D_SM5
[2017.08.09-03.28.25:682][  0]LogSlate: Using Freetype 2.6.0
[2017.08.09-03.28.25:682][  0]LogSlate: SlateFontCache - WITH_FREETYPE: 1, WITH_HARFBUZZ: 1
[2017.08.09-03.28.25:682][  0]LogSlate: SlateFontCache - WITH_FREETYPE: 1, WITH_HARFBUZZ: 1
[2017.08.09-03.28.26:126][  0]LogInit: Selected Device Profile: [Windows]
[2017.08.09-03.28.26:306][  0]LogContentStreaming: Texture pool size is 0.00 MB
[2017.08.09-03.28.26:529][  0]LogMeshUtilities: Using QuadricMeshReduction for automatic static mesh reduction
[2017.08.09-03.28.26:545][  0]LogMeshUtilities: No automatic skeletal mesh reduction module available
[2017.08.09-03.28.26:545][  0]LogMeshUtilities: No automatic mesh merging module available
[2017.08.09-03.28.26:545][  0]LogMeshUtilities: No distributed automatic mesh merging module available
[2017.08.09-03.28.27:437][  0]LogNetVersion: MyProject , NetCL: 0, EngineNetVer: 2, GameNetVer: 0 (Checksum: 3201466879)
[2017.08.09-03.28.27:513][  0]LogAssetRegistry: FAssetRegistry took 0.0266 seconds to start up
[2017.08.09-03.28.28:504][  0]LogPackageLocalizationCache: Processed 4 localized package path(s) for 2 prioritized culture(s) in 0.961063 seconds
[2017.08.09-03.28.28:514][  0]LogUObjectArray: 34154 objects as part of root set at end of initial load.
[2017.08.09-03.28.28:514][  0]LogUObjectAllocator: 7253888 out of 0 bytes used by permanent object pool.
[2017.08.09-03.28.28:514][  0]LogUObjectArray: CloseDisregardForGC: 0/0 objects in disregard for GC pool
[2017.08.09-03.28.28:613][  0]LogInit: WinSock: version 1.1 (2.2), MaxSocks=32767, MaxUdp=65467
[2017.08.09-03.28.31:811][  0]LogTcpMessaging: Initializing TcpMessaging bridge
[2017.08.09-03.28.31:867][  0]LogUdpMessaging: Initializing bridge on interface 0.0.0.0:0 to multicast group 230.0.0.1:6666.
[2017.08.09-03.28.32:583][  0]LogMaterial: Uniform references updated for custom material expression Custom.
[2017.08.09-03.28.33:129][  0]SourceControl: Info Source control is disabled
[2017.08.09-03.28.33:184][  0]SourceControl: Info Source control is disabled
[2017.08.09-03.28.33:258][  0]SourceControl: Info Source control is disabled
[2017.08.09-03.28.33:329][  0]SourceControl: Info Source control is disabled
[2017.08.09-03.28.34:277][  0]LogAndroidPermission: UAndroidPermissionCallbackProxy::GetInstance
[2017.08.09-03.28.35:102][  0]LogEngine: Initializing Engine...
[2017.08.09-03.28.35:103][  0]LogHMD: Failed to initialize OpenVR with code 110
[2017.08.09-03.28.35:182][  0]LogMaterial: Missing cached shader map for material ShadedLevelColorationLitMaterial, compiling. Is special engine material.
[2017.08.09-03.28.35:933][  0]LogMaterial: Missing cached shader map for material ShadedLevelColorationUnlitMateri, compiling. Is special engine material.
[2017.08.09-03.28.36:163][  0]LogMaterial: Missing cached shader map for material VertexColorMaterial, compiling. 
[2017.08.09-03.28.36:254][  0]LogMaterial: Missing cached shader map for material VertexColorViewMode_ColorOnly, compiling. 
[2017.08.09-03.28.36:271][  0]LogMaterial: Missing cached shader map for material VertexColorViewMode_AlphaAsColor, compiling. 
[2017.08.09-03.28.36:290][  0]LogMaterial: Missing cached shader map for material VertexColorViewMode_RedOnly, compiling. 
[2017.08.09-03.28.36:311][  0]LogMaterial: Missing cached shader map for material VertexColorViewMode_GreenOnly, compiling. 
[2017.08.09-03.28.36:335][  0]LogMaterial: Missing cached shader map for material VertexColorViewMode_BlueOnly, compiling. 
[2017.08.09-03.28.36:356][  0]LogMaterial: Missing cached shader map for material RemoveSurfaceMaterial, compiling. 
[2017.08.09-03.28.36:366][  0]LogMaterial: Missing cached shader map for material DebugMeshMaterial, compiling. 
[2017.08.09-03.28.36:394][  0]LogMaterial: Missing cached shader map for material M_InvalidLightmapSettings, compiling. 
[2017.08.09-03.28.36:437][  0]LogMaterial: Missing cached shader map for material GizmoMaterial, compiling. 
[2017.08.09-03.28.36:455][  0]LogMaterial: Missing cached shader map for material PhAT_JointLimitMaterial, compiling. 
[2017.08.09-03.28.36:477][  0]LogMaterial: Missing cached shader map for material GeomMaterial, compiling. 
[2017.08.09-03.28.36:494][  0]LogMaterial: Missing cached shader map for material EditorBrushMaterial, compiling. 
[2017.08.09-03.28.36:515][  0]LogMaterial: Missing cached shader map for material BoneWeightMaterial, compiling. 
[2017.08.09-03.28.36:611][  0]LogMaterial: Missing cached shader map for material ClothMaterial, compiling. 
[2017.08.09-03.28.36:637][  0]LogMaterial: Missing cached shader map for material PreviewShadowIndicatorMaterial, compiling. 
[2017.08.09-03.28.36:852][  0]LogStats: UGameplayTagsManager::ConstructGameplayTagTree: Construct from data asset -  0.000 s
[2017.08.09-03.28.36:852][  0]LogStats: UGameplayTagsManager::ConstructGameplayTagTree: GameplayTagTreeChangedEvent.Broadcast -  0.000 s
[2017.08.09-03.28.37:048][  0]LogAIModule: Creating AISystem for world Untitled
[2017.08.09-03.28.37:083][  0]LogInit: FAudioDevice initialized.
[2017.08.09-03.28.38:083][  0]LogDerivedDataCache: Saved boot cache 1.00s 87MB ../../../RubicksCube-JAC/MyProject/DerivedDataCache/Boot.ddc.
[2017.08.09-03.28.38:174][  0]LogInit: Texture streaming: Enabled
[2017.08.09-03.28.38:325][  0]LogEngineSessionManager: EngineSessionManager initialized
[2017.08.09-03.28.38:667][  0]LogInit: Transaction tracking system initialized
[2017.08.09-03.28.39:146][  0]BlueprintLog: New page: Editor Load
[2017.08.09-03.28.40:680][  0]LocalizationService: Info Localization service is disabled
[2017.08.09-03.28.41:874][  0]LogConsoleResponse:Display: 
[2017.08.09-03.28.41:946][  0]LogMaterial: Missing cached shader map for material Cross_Mat, compiling. 
[2017.08.09-03.28.41:973][  0]LogMaterial: Missing cached shader map for material PhAT_BoneSelectedMaterial, compiling. 
[2017.08.09-03.28.41:989][  0]LogMaterial: Missing cached shader map for material PhAT_ElemSelectedMaterial, compiling. 
[2017.08.09-03.28.42:007][  0]LogMaterial: Missing cached shader map for material PhAT_NoCollisionMaterial, compiling. 
[2017.08.09-03.28.42:023][  0]LogMaterial: Missing cached shader map for material PhAT_UnselectedMaterial, compiling. 
[2017.08.09-03.28.42:042][  0]LogMaterial: Missing cached shader map for material Tick_Mat, compiling. 
[2017.08.09-03.28.42:068][  0]LogMaterial: Missing cached shader map for material WidgetGridVertexColorMaterial_Ma, compiling. 
[2017.08.09-03.28.42:088][  0]LogMaterial: Missing cached shader map for material WidgetMaterial, compiling. 
[2017.08.09-03.28.42:107][  0]LogMaterial: Missing cached shader map for material WidgetMaterial_Current, compiling. 
[2017.08.09-03.28.42:125][  0]LogMaterial: Missing cached shader map for material WidgetMaterial_X, compiling. 
[2017.08.09-03.28.42:144][  0]LogMaterial: Missing cached shader map for material WidgetMaterial_Y, compiling. 
[2017.08.09-03.28.42:161][  0]LogMaterial: Missing cached shader map for material WidgetMaterial_Z, compiling. 
[2017.08.09-03.28.42:190][  0]LogMaterial: Missing cached shader map for material WidgetVertexColorMaterial, compiling. 
[2017.08.09-03.28.42:256][  0]LogMaterial: Missing cached shader map for material LevelGridMaterial, compiling. 
[2017.08.09-03.28.42:303][  0]LogMaterial: Missing cached shader map for material BlinkingCaret, compiling. 
[2017.08.09-03.28.42:357][  0]LogMaterial: Missing cached shader map for material M_StreamingPause, compiling. 
[2017.08.09-03.28.42:428][  0]LogCook:Display: Max memory allowance for cook 16384mb min free memory 0mb
[2017.08.09-03.28.42:428][  0]LogCook:Display: Mobile HDR setting 1
[2017.08.09-03.28.42:986][  0]LogFileCache: Scanning file cache for directory 'D:/MICROSOFT_UWP_UNREAL/RubicksCube-JAC/MyProject/Content/' took 0.02s
[2017.08.09-03.28.44:173][  0]SourceControl: Info Source control is disabled
[2017.08.09-03.28.44:173][  0]Cmd: MAP LOAD FILE="../../../RubicksCube-JAC/MyProject/Content/PuzzleBP/Maps/PuzzleExampleMap.umap" TEMPLATE=0 SHOWPROGRESS=1 FEATURELEVEL=3
[2017.08.09-03.28.44:222][  0]LightingResults: New page: Lighting Build
[2017.08.09-03.28.44:286][  0]MapCheck: New page: Map Check
[2017.08.09-03.28.44:286][  0]LightingResults: New page: Lighting Build
[2017.08.09-03.28.45:125][  0]LogMaterial: Missing cached shader map for material M_Sky_Panning_Clouds2, compiling. 
[2017.08.09-03.28.45:561][  0]LogMaterial: Missing cached shader map for material BaseMaterial, compiling. 
[2017.08.09-03.28.45:699][  0]LogMaterial: Missing cached shader map for material CubeMaterial, compiling. 
[2017.08.09-03.28.45:738][  0]LogAIModule: Creating AISystem for world PuzzleExampleMap
[2017.08.09-03.28.45:807][  0]LogEditorServer: Finished looking for orphan Actors (0.000 secs)
[2017.08.09-03.28.45:866][  0]Cmd: MAP CHECKDEP NOCLEARLOG
[2017.08.09-03.28.45:932][  0]MapCheck: Info Map check complete: 0 Error(s), 0 Warning(s), took 65.633ms to complete.
[2017.08.09-03.28.45:932][  0]LogFileHelpers: Loading map 'PuzzleExampleMap' took 1.759
[2017.08.09-03.28.46:064][  0]LogWindowsTextInputMethodSystem:Display: IME system now deactivated.
[2017.08.09-03.28.46:065][  0]LogWindowsTextInputMethodSystem:Display: IME system now deactivated.
[2017.08.09-03.28.46:653][  0]LogCollectionManager: Loaded 0 collections in 0.002674 seconds
[2017.08.09-03.28.46:858][  0]LogFileCache: Scanning file cache for directory 'D:/MICROSOFT_UWP_UNREAL/RubicksCube-JAC/MyProject/Saved/Collections/' took 0.01s
[2017.08.09-03.28.46:858][  0]LogFileCache: Scanning file cache for directory 'D:/MICROSOFT_UWP_UNREAL/RubicksCube-JAC/MyProject/Content/Developers/info/Collections/' took 0.01s
[2017.08.09-03.28.46:858][  0]LogFileCache: Scanning file cache for directory 'D:/MICROSOFT_UWP_UNREAL/RubicksCube-JAC/MyProject/Content/Collections/' took 0.01s
[2017.08.09-03.28.46:858][  0]LogCollectionManager: Rebuilt the GUID cache for 0 collections in 0.000004 seconds
[2017.08.09-03.28.46:879][  0]LogContentBrowser: Native class hierarchy populated in 0.0194 seconds. Added 2329 classes and 491 folders.
[2017.08.09-03.28.47:010][  0]LogContentBrowser: Native class hierarchy updated for 'WidgetCarousel' in 0.0011 seconds. Added 0 classes and 0 folders.
[2017.08.09-03.28.48:595][  0]LogContentBrowser: Native class hierarchy updated for 'AddContentDialog' in 0.0010 seconds. Added 0 classes and 0 folders.
[2017.08.09-03.28.48:739][  0]LogContentBrowser: Native class hierarchy updated for 'SceneOutliner' in 0.0010 seconds. Added 1 classes and 2 folders.
[2017.08.09-03.28.49:119][  0]LogCrashTracker: Crashtracker disabled due to settings.
[2017.08.09-03.28.49:183][  0]LogSlate: Took 0.000309 seconds to synchronously load lazily loaded font '../../../Engine/Content/Slate/Fonts/Roboto-Regular.ttf' (155K)
[2017.08.09-03.28.49:186][  0]LogSlate: Took 0.000362 seconds to synchronously load lazily loaded font '../../../Engine/Content/Slate/Fonts/Roboto-Bold.ttf' (160K)
[2017.08.09-03.28.49:251][  0]LogSlate: Took 0.022130 seconds to synchronously load lazily loaded font '../../../Engine/Content/Editor/Slate/Fonts/FontAwesome.ttf' (139K)
[2017.08.09-03.28.49:761][  0]LogMaterial: Missing cached shader map for material LevelGridMaterial2, compiling. 
[2017.08.09-03.28.49:903][  0]LogRenderer: Reallocating scene render targets to support 1208x576 NumSamples 1 (Frame:1).
[2017.08.09-03.28.50:469][  0]LogUObjectGlobals:Warning: Failed to find object 'Class None.'
[2017.08.09-03.28.50:585][  0]LogContentBrowser: Native class hierarchy updated for 'HierarchicalLODOutliner' in 0.0010 seconds. Added 1 classes and 2 folders.
[2017.08.09-03.28.50:585][  0]LogLoad: (Engine Initialization) Total time: 36.69 seconds
[2017.08.09-03.28.50:585][  0]LogLoad: (Engine Initialization) Total Blueprint compile time: 0.24 seconds
[2017.08.09-03.28.50:585][  0]LogExternalProfiler: No external profilers were discovered.  External profiling features will not be available.
[2017.08.09-03.28.50:604][  0]LogOcInput: OculusInput pre-init called
[2017.08.09-03.28.50:604][  0]LogHMD: Starting GearVRController plugin
[2017.08.09-03.28.50:628][  0]LogContentStreaming: Texture pool size now 1000 MB
[2017.08.09-03.28.50:811][  0]LogSlate: Took 0.023958 seconds to synchronously load lazily loaded font '../../../Engine/Content/Slate/Fonts/Roboto-Light.ttf' (159K)
[2017.08.09-03.28.51:021][  2]LogAssetRegistry: Asset discovery search completed in 23.5310 seconds
[2017.08.09-03.28.51:024][  2]LogCollectionManager: Rebuilt the object cache for 0 collections in 0.000001 seconds (found 0 objects)
[2017.08.09-03.28.51:024][  2]LogCollectionManager: Fixed up redirectors for 0 collections in 0.000081 seconds (updated 0 objects)
[2017.08.09-03.29.26:622][ 44]LogTemp: Executing iPhonePackager certificates Engine -bundlename com.YourCompany.MyProject
[2017.08.09-03.29.26:622][ 44]LogTemp: CWD: D:\MICROSOFT_UWP_UNREAL\Engine\Binaries\DotNET\IOS
[2017.08.09-03.29.26:622][ 44]LogTemp: Initial Dir: D:\MICROSOFT_UWP_UNREAL
[2017.08.09-03.29.26:622][ 44]LogTemp: Env CWD: D:\MICROSOFT_UWP_UNREAL\Engine\Binaries\DotNET\IOS
[2017.08.09-03.29.26:622][ 44]LogTemp: BranchPath = DESKTOP-FV8L4P1/D/MICROSOFT_UWP_UNREAL/Engine/Binaries --- GameBranchPath = DESKTOP-FV8L4P1/D/MICROSOFT_UWP_UNREAL/Engine/Binaries
[2017.08.09-03.29.26:622][ 44]LogStreaming:Warning: Failed to read file '../../../RubicksCube-JAC/MyProject/Build/UWP/SigningCertificate.pfx' error.
[2017.08.09-03.29.26:895][ 45]LogTemp: IPP ERROR: Could not find provision directory 'C:\Users\info\AppData\Local/Apple Computer/MobileDevice/Provisioning Profiles/'.
[2017.08.09-03.31.07:567][454]LogSlate: Took 0.000312 seconds to synchronously load lazily loaded font '../../../Engine/Content/Slate/Fonts/Roboto-Light.ttf' (159K)
[2017.08.09-03.58.15:601][238]LogContentBrowser: Native class hierarchy updated for 'WorldBrowser' in 0.0009 seconds. Added 1 classes and 3 folders.
[2017.08.09-03.59.15:709][108]LogSlate: Took 0.000284 seconds to synchronously load lazily loaded font '../../../Engine/Content/Slate/Fonts/Roboto-Light.ttf' (159K)
[2017.08.09-04.00.27:405][354]LogMetaData: Removing '/Game/PuzzleBP/Maps/BasicGamePlayMap.BasicGamePlayMap_C' ref from Metadata '/Game/PuzzleBP/Maps/PuzzleExampleMap.PackageMetaData'
[2017.08.09-04.00.27:405][354]LogMetaData: Removing '/Game/PuzzleBP/Maps/BasicGamePlayMap.SKEL_BasicGamePlayMap_C' ref from Metadata '/Game/PuzzleBP/Maps/PuzzleExampleMap.PackageMetaData'
[2017.08.09-04.00.27:551][354]Cmd: OBJ SAVEPACKAGE PACKAGE="/Game/PuzzleBP/Maps/BasicGamePlayMap" FILE="../../../RubicksCube-JAC/MyProject/Content/PuzzleBP/Maps/BasicGamePlayMap.umap" SILENT=true AUTOSAVING=false KEEPDIRTY=false
[2017.08.09-04.00.27:909][354]LogSavePackage: Save=286.85ms
[2017.08.09-04.00.27:909][354]LogSavePackage: Moving '../../../RubicksCube-JAC/MyProject/Saved/BasicGamePlayMapD8E1F8324FD7F012405051BC8D05F899.tmp' to '../../../RubicksCube-JAC/MyProject/Content/PuzzleBP/Maps/BasicGamePlayMap.umap'
[2017.08.09-04.00.28:310][354]LogSavePackage:Display: Finished SavePackage ../../../RubicksCube-JAC/MyProject/Content/PuzzleBP/Maps/BasicGamePlayMap.umap
[2017.08.09-04.00.28:452][354]LogSlate: Took 0.000275 seconds to synchronously load lazily loaded font '../../../Engine/Content/Slate/Fonts/Roboto-Regular.ttf' (155K)
[2017.08.09-04.00.28:461][354]LogFileHelpers: Saving map 'BasicGamePlayMap' took 0.985
[2017.08.09-04.04.37:414][370]Cmd: QUIT_EDITOR
[2017.08.09-04.04.37:470][370]LogWindowsTextInputMethodSystem:Display: IME system now deactivated.
[2017.08.09-04.04.37:470][370]LogWindowsTextInputMethodSystem:Display: IME system now deactivated.
[2017.08.09-04.04.37:552][370]LogExit: Preparing to exit.
[2017.08.09-04.04.38:580][370]LogDirectoryWatcher: A directory notification for 'D:/MICROSOFT_UWP_UNREAL/RubicksCube-JAC/MyProject/Content/' was aborted.
[2017.08.09-04.04.38:692][370]LogExit: Editor shut down
[2017.08.09-04.04.38:700][370]LogExit: Transaction tracking system shut down
[2017.08.09-04.04.38:822][370]LogObj: Freed 0b from 0 cluster array pools.
[2017.08.09-04.04.38:822][370]LogExit: Object subsystem successfully closed.
[2017.08.09-04.04.38:836][370]LogD3D11RHI: Shutdown
[2017.08.09-04.04.38:836][370]LogD3D11RHI: CleanupD3DDevice
[2017.08.09-04.04.38:942][370]LogD3D11RHI: ~FD3D11DynamicRHI
[2017.08.09-04.04.38:955][370]LogModuleManager: Shutting down and abandoning module WorldBrowser (524)
[2017.08.09-04.04.38:955][370]LogModuleManager: Shutting down and abandoning module ExternalImagePicker (522)
[2017.08.09-04.04.38:955][370]LogModuleManager: Shutting down and abandoning module HierarchicalLODOutliner (520)
[2017.08.09-04.04.38:955][370]LogModuleManager: Shutting down and abandoning module CrashTracker (518)
[2017.08.09-04.04.38:955][370]LogModuleManager: Shutting down and abandoning module SceneOutliner (516)
[2017.08.09-04.04.38:955][370]LogModuleManager: Shutting down and abandoning module AddContentDialog (514)
[2017.08.09-04.04.38:970][370]LogDirectoryWatcher: A directory notification for 'D:/MICROSOFT_UWP_UNREAL/FeaturePacks/' was aborted.
[2017.08.09-04.04.38:972][370]LogModuleManager: Shutting down and abandoning module WidgetCarousel (513)
[2017.08.09-04.04.38:972][370]LogModuleManager: Shutting down and abandoning module EditorWidgets (510)
[2017.08.09-04.04.38:972][370]LogModuleManager: Shutting down and abandoning module CollectionManager (508)
[2017.08.09-04.04.38:972][370]LogDirectoryWatcher: A directory notification for 'D:/MICROSOFT_UWP_UNREAL/RubicksCube-JAC/MyProject/Content/Collections/' was aborted.
[2017.08.09-04.04.38:972][370]LogDirectoryWatcher: A directory notification for 'D:/MICROSOFT_UWP_UNREAL/RubicksCube-JAC/MyProject/Content/Developers/info/Collections/' was aborted.
[2017.08.09-04.04.38:972][370]LogDirectoryWatcher: A directory notification for 'D:/MICROSOFT_UWP_UNREAL/RubicksCube-JAC/MyProject/Saved/Collections/' was aborted.
[2017.08.09-04.04.38:972][370]LogModuleManager: Shutting down and abandoning module StatsViewer (506)
[2017.08.09-04.04.38:972][370]LogModuleManager: Shutting down and abandoning module FoliageEdit (504)
[2017.08.09-04.04.38:972][370]LogModuleManager: Shutting down and abandoning module LandscapeEditor (502)
[2017.08.09-04.04.38:972][370]LogModuleManager: Shutting down and abandoning module MeshPaintMode (500)
[2017.08.09-04.04.38:972][370]LogModuleManager: Shutting down and abandoning module SceneDepthPickerMode (498)
[2017.08.09-04.04.38:972][370]LogModuleManager: Shutting down and abandoning module ActorPickerMode (496)
[2017.08.09-04.04.38:972][370]LogModuleManager: Shutting down and abandoning module GeometryMode (494)
[2017.08.09-04.04.38:972][370]LogModuleManager: Shutting down and abandoning module TextureAlignMode (492)
[2017.08.09-04.04.38:972][370]LogModuleManager: Shutting down and abandoning module BspMode (490)
[2017.08.09-04.04.38:972][370]LogModuleManager: Shutting down and abandoning module HardwareSurvey (488)
[2017.08.09-04.04.38:972][370]LogModuleManager: Shutting down and abandoning module SequenceRecorderSections (486)
[2017.08.09-04.04.38:973][370]LogModuleManager: Shutting down and abandoning module AutomationWorker (484)
[2017.08.09-04.04.38:973][370]LogModuleManager: Shutting down and abandoning module MatineeToLevelSequence (482)
[2017.08.09-04.04.38:973][370]LogModuleManager: Shutting down and abandoning module LevelSequenceEditor (480)
[2017.08.09-04.04.38:973][370]LogModuleManager: Shutting down and abandoning module PlacementMode (479)
[2017.08.09-04.04.38:973][370]LogModuleManager: Shutting down and abandoning module WmfMediaFactory (476)
[2017.08.09-04.04.38:973][370]LogModuleManager: Shutting down and abandoning module WmfMediaEditor (474)
[2017.08.09-04.04.38:973][370]LogModuleManager: Shutting down and abandoning module AvfMediaFactory (472)
[2017.08.09-04.04.38:973][370]LogModuleManager: Shutting down and abandoning module AvfMediaEditor (470)
[2017.08.09-04.04.38:973][370]LogModuleManager: Shutting down and abandoning module AndroidMediaFactory (468)
[2017.08.09-04.04.38:973][370]LogModuleManager: Shutting down and abandoning module Media (467)
[2017.08.09-04.04.38:973][370]LogModuleManager: Shutting down and abandoning module AndroidMediaEditor (464)
[2017.08.09-04.04.38:973][370]LogModuleManager: Shutting down and abandoning module CharacterAI (462)
[2017.08.09-04.04.38:973][370]LogModuleManager: Shutting down and abandoning module AudioCapture (460)
[2017.08.09-04.04.38:973][370]LogModuleManager: Shutting down and abandoning module SequenceRecorder (459)
[2017.08.09-04.04.38:973][370]LogModuleManager: Shutting down and abandoning module SmartSnapping (456)
[2017.08.09-04.04.38:973][370]LogModuleManager: Shutting down and abandoning module SessionServices (454)
[2017.08.09-04.04.38:973][370]LogModuleManager: Shutting down and abandoning module ViewportSnapping (452)
[2017.08.09-04.04.38:973][370]LogModuleManager: Shutting down and abandoning module ViewportInteraction (450)
[2017.08.09-04.04.38:973][370]LogModuleManager: Shutting down and abandoning module ClothPainter (448)
[2017.08.09-04.04.38:973][370]LogModuleManager: Shutting down and abandoning module LogVisualizer (446)
[2017.08.09-04.04.38:973][370]LogModuleManager: Shutting down and abandoning module IntroTutorials (444)
[2017.08.09-04.04.38:973][370]LogModuleManager: Shutting down and abandoning module GameProjectGeneration (443)
[2017.08.09-04.04.38:973][370]LogModuleManager: Shutting down and abandoning module EditorLiveStreaming (440)
[2017.08.09-04.04.38:973][370]LogModuleManager: Shutting down and abandoning module IOSPlatformEditor (438)
[2017.08.09-04.04.38:973][370]LogModuleManager: Shutting down and abandoning module HTML5PlatformEditor (436)
[2017.08.09-04.04.38:973][370]LogModuleManager: Shutting down and abandoning module AndroidPlatformEditor (434)
[2017.08.09-04.04.38:973][370]LogModuleManager: Shutting down and abandoning module AndroidDeviceDetection (433)
[2017.08.09-04.04.39:366][370]LogModuleManager: Shutting down and abandoning module UWPPlatformEditor (430)
[2017.08.09-04.04.39:366][370]LogModuleManager: Shutting down and abandoning module IOSRuntimeSettings (428)
[2017.08.09-04.04.39:366][370]LogModuleManager: Shutting down and abandoning module AndroidRuntimeSettings (426)
[2017.08.09-04.04.39:366][370]LogModuleManager: Shutting down and abandoning module InputBindingEditor (424)
[2017.08.09-04.04.39:366][370]LogModuleManager: Shutting down and abandoning module MergeActors (422)
[2017.08.09-04.04.39:366][370]LogModuleManager: Shutting down and abandoning module SizeMap (420)
[2017.08.09-04.04.39:366][370]LogModuleManager: Shutting down and abandoning module TreeMap (418)
[2017.08.09-04.04.39:366][370]LogModuleManager: Shutting down and abandoning module ReferenceViewer (416)
[2017.08.09-04.04.39:366][370]LogModuleManager: Shutting down and abandoning module LocalizationDashboard (414)
[2017.08.09-04.04.39:366][370]LogModuleManager: Shutting down and abandoning module LocalizationService (413)
[2017.08.09-04.04.39:367][370]LogModuleManager: Shutting down and abandoning module HardwareTargeting (410)
[2017.08.09-04.04.39:367][370]LogModuleManager: Shutting down and abandoning module DeviceProfileEditor (408)
[2017.08.09-04.04.39:367][370]LogModuleManager: Shutting down and abandoning module UndoHistory (406)
[2017.08.09-04.04.39:367][370]LogModuleManager: Shutting down and abandoning module UserFeedback (404)
[2017.08.09-04.04.39:367][370]LogModuleManager: Shutting down and abandoning module XmlParser (402)
[2017.08.09-04.04.39:367][370]LogModuleManager: Shutting down and abandoning module Blutility (400)
[2017.08.09-04.04.39:367][370]LogModuleManager: Shutting down and abandoning module ProjectSettingsViewer (398)
[2017.08.09-04.04.39:367][370]LogModuleManager: Shutting down and abandoning module ProjectTargetPlatformEditor (397)
[2017.08.09-04.04.39:367][370]LogModuleManager: Shutting down and abandoning module EditorSettingsViewer (394)
[2017.08.09-04.04.39:367][370]LogModuleManager: Shutting down and abandoning module SettingsEditor (392)
[2017.08.09-04.04.39:367][370]LogModuleManager: Shutting down and abandoning module ProjectLauncher (390)
[2017.08.09-04.04.39:367][370]LogModuleManager: Shutting down and abandoning module SessionFrontend (388)
[2017.08.09-04.04.39:367][370]LogModuleManager: Shutting down and abandoning module ProfilerClient (386)
[2017.08.09-04.04.39:367][370]LogModuleManager: Shutting down and abandoning module DeviceManager (384)
[2017.08.09-04.04.39:367][370]LogModuleManager: Shutting down and abandoning module TargetDeviceServices (383)
[2017.08.09-04.04.39:433][370]LogModuleManager: Shutting down and abandoning module AutomationController (380)
[2017.08.09-04.04.39:433][370]LogModuleManager: Shutting down and abandoning module AutomationWindow (378)
[2017.08.09-04.04.39:433][370]LogModuleManager: Shutting down and abandoning module Layers (376)
[2017.08.09-04.04.39:433][370]LogModuleManager: Shutting down and abandoning module ComponentVisualizers (374)
[2017.08.09-04.04.39:433][370]LogModuleManager: Shutting down and abandoning module DetailCustomizations (372)
[2017.08.09-04.04.39:433][370]LogModuleManager: Shutting down and abandoning module PackagesDialog (370)
[2017.08.09-04.04.39:433][370]LogModuleManager: Shutting down and abandoning module Persona (368)
[2017.08.09-04.04.39:434][370]LogModuleManager: Shutting down and abandoning module AdvancedPreviewScene (367)
[2017.08.09-04.04.39:434][370]LogModuleManager: Shutting down and abandoning module AnimGraph (365)
[2017.08.09-04.04.39:434][370]LogModuleManager: Shutting down and abandoning module Kismet (362)
[2017.08.09-04.04.39:434][370]LogModuleManager: Shutting down and abandoning module ClassViewer (360)
[2017.08.09-04.04.39:436][370]LogModuleManager: Shutting down and abandoning module Toolbox (358)
[2017.08.09-04.04.39:436][370]LogModuleManager: Shutting down and abandoning module ModuleUI (356)
[2017.08.09-04.04.39:436][370]LogModuleManager: Shutting down and abandoning module MovieSceneTools (354)
[2017.08.09-04.04.39:437][370]LogModuleManager: Shutting down and abandoning module OutputLog (352)
[2017.08.09-04.04.39:437][370]LogModuleManager: Shutting down and abandoning module GammaUI (350)
[2017.08.09-04.04.39:437][370]LogModuleManager: Shutting down and abandoning module Documentation (348)
[2017.08.09-04.04.39:437][370]LogModuleManager: Shutting down and abandoning module MovieSceneTracks (346)
[2017.08.09-04.04.39:437][370]LogModuleManager: Shutting down and abandoning module MovieScene (344)
[2017.08.09-04.04.39:437][370]LogModuleManager: Shutting down and abandoning module Niagara (342)
[2017.08.09-04.04.39:437][370]LogModuleManager: Shutting down and abandoning module NiagaraEditor (341)
[2017.08.09-04.04.39:437][370]LogModuleManager: Shutting down and abandoning module StreamingPauseRendering (338)
[2017.08.09-04.04.39:437][370]LogModuleManager: Shutting down and abandoning module AnalyticsET (336)
[2017.08.09-04.04.39:437][370]LogModuleManager: Shutting down and abandoning module PortalServices (334)
[2017.08.09-04.04.39:437][370]LogModuleManager: Shutting down and abandoning module PortalRpc (332)
[2017.08.09-04.04.39:437][370]LogModuleManager: Shutting down and abandoning module MessagingRpc (330)
[2017.08.09-04.04.39:437][370]LogModuleManager: Shutting down and abandoning module AIModule (328)
[2017.08.09-04.04.39:437][370]LogModuleManager: Shutting down and abandoning module GameplayDebugger (327)
[2017.08.09-04.04.39:437][370]LogModuleManager: Shutting down and abandoning module AITestSuite (325)
[2017.08.09-04.04.39:437][370]LogModuleManager: Shutting down and abandoning module ProfilerService (322)
[2017.08.09-04.04.39:541][370]LogModuleManager: Shutting down and abandoning module TaskGraph (320)
[2017.08.09-04.04.39:541][370]LogModuleManager: Shutting down and abandoning module SteamVRController (318)
[2017.08.09-04.04.39:541][370]LogModuleManager: Shutting down and abandoning module SteamVR (316)
[2017.08.09-04.04.39:541][370]LogModuleManager: Shutting down and abandoning module ProceduralMeshComponentEditor (314)
[2017.08.09-04.04.39:541][370]LogModuleManager: Shutting down and abandoning module ProceduralMeshComponent (312)
[2017.08.09-04.04.39:541][370]LogModuleManager: Shutting down and abandoning module OculusLibrary (310)
[2017.08.09-04.04.39:541][370]LogModuleManager: Shutting down and abandoning module OculusInput (308)
[2017.08.09-04.04.39:541][370]LogModuleManager: Shutting down and abandoning module MobilePatchingUtils (306)
[2017.08.09-04.04.39:541][370]LogModuleManager: Shutting down and abandoning module CustomMeshComponent (304)
[2017.08.09-04.04.39:541][370]LogModuleManager: Shutting down and abandoning module CableComponent (302)
[2017.08.09-04.04.39:541][370]LogModuleManager: Shutting down and abandoning module ArchVisCharacter (300)
[2017.08.09-04.04.39:541][370]LogModuleManager: Shutting down and abandoning module AndroidPermission (298)
[2017.08.09-04.04.39:541][370]LogModuleManager: Shutting down and abandoning module MediaPlayerEditor (294)
[2017.08.09-04.04.39:541][370]LogModuleManager: Shutting down and abandoning module HTML5Networking (292)
[2017.08.09-04.04.39:541][370]LogModuleManager: Shutting down and abandoning module AlembicImporter (290)
[2017.08.09-04.04.39:541][370]LogModuleManager: Shutting down and abandoning module AlembicLibrary (289)
[2017.08.09-04.04.39:541][370]LogModuleManager: Shutting down and abandoning module GeometryCache (288)
[2017.08.09-04.04.39:541][370]LogModuleManager: Shutting down and abandoning module GeometryCacheEd (287)
[2017.08.09-04.04.39:541][370]LogModuleManager: Shutting down and abandoning module SuperSearchEditor (282)
[2017.08.09-04.04.39:541][370]LogModuleManager: Shutting down and abandoning module SuperSearch (281)
[2017.08.09-04.04.39:541][370]LogModuleManager: Shutting down and abandoning module SpeedTreeImporter (278)
[2017.08.09-04.04.39:541][370]LogModuleManager: Shutting down and abandoning module PluginBrowser (276)
[2017.08.09-04.04.39:541][370]LogModuleManager: Shutting down and abandoning module MobileLauncherProfileWizard (274)
[2017.08.09-04.04.39:541][370]LogModuleManager: Shutting down and abandoning module VisualStudioSourceCodeAccess (272)
[2017.08.09-04.04.39:542][370]LogModuleManager: Shutting down and abandoning module DesktopPlatform (271)
[2017.08.09-04.04.39:542][370]LogModuleManager: Shutting down and abandoning module UObjectPlugin (268)
[2017.08.09-04.04.39:542][370]LogModuleManager: Shutting down and abandoning module SubversionSourceControl (266)
[2017.08.09-04.04.39:542][370]LogModuleManager: Shutting down and abandoning module PerforceSourceControl (264)
[2017.08.09-04.04.39:542][370]LogModuleManager: Shutting down and abandoning module GitSourceControl (262)
[2017.08.09-04.04.39:542][370]LogModuleManager: Shutting down and abandoning module SourceControl (261)
[2017.08.09-04.04.39:542][370]LogModuleManager: Shutting down and abandoning module LightPropagationVolumeEditor (258)
[2017.08.09-04.04.39:542][370]LogModuleManager: Shutting down and abandoning module PaperTiledImporter (256)
[2017.08.09-04.04.39:542][370]LogModuleManager: Shutting down and abandoning module PaperSpriteSheetImporter (254)
[2017.08.09-04.04.39:542][370]LogModuleManager: Shutting down and abandoning module Paper2DEditor (252)
[2017.08.09-04.04.39:542][370]LogModuleManager: Shutting down and abandoning module MeshPaint (251)
[2017.08.09-04.04.39:542][370]LogModuleManager: Shutting down and abandoning module LevelEditor (249)
[2017.08.09-04.04.39:543][370]LogModuleManager: Shutting down and abandoning module PixelInspectorModule (248)
[2017.08.09-04.04.39:543][370]LogModuleManager: Shutting down and abandoning module MainFrame (246)
[2017.08.09-04.04.39:543][370]LogModuleManager: Shutting down and abandoning module HotReload (245)
[2017.08.09-04.04.39:544][370]LogModuleManager: Shutting down and abandoning module PhysXVehiclesEditor (240)
[2017.08.09-04.04.39:544][370]LogModuleManager: Shutting down and abandoning module PhysXVehicles (238)
[2017.08.09-04.04.39:544][370]LogModuleManager: Shutting down and abandoning module LocationServicesBPLibrary (236)
[2017.08.09-04.04.39:544][370]LogModuleManager: Shutting down and abandoning module ImmediatePhysicsEditor (234)
[2017.08.09-04.04.39:544][370]LogModuleManager: Shutting down and abandoning module ImmediatePhysics (232)
[2017.08.09-04.04.39:544][370]LogModuleManager: Shutting down and abandoning module UdpMessaging (230)
[2017.08.09-04.04.39:644][370]LogModuleManager: Shutting down and abandoning module TcpMessaging (228)
[2017.08.09-04.04.39:745][370]LogModuleManager: Shutting down and abandoning module GameplayTagsEditor (226)
[2017.08.09-04.04.39:745][370]LogModuleManager: Shutting down and abandoning module FacialAnimationEditor (224)
[2017.08.09-04.04.39:745][370]LogModuleManager: Shutting down and abandoning module FacialAnimation (222)
[2017.08.09-04.04.39:745][370]LogModuleManager: Shutting down and abandoning module AssetManagerEditor (220)
[2017.08.09-04.04.39:745][370]LogModuleManager: Shutting down and abandoning module GraphEditor (219)
[2017.08.09-04.04.39:745][370]LogModuleManager: Shutting down and abandoning module ContentBrowser (217)
[2017.08.09-04.04.39:747][370]LogModuleManager: Shutting down and abandoning module LightPropagationVolumeRuntime (214)
[2017.08.09-04.04.39:747][370]LogModuleManager: Shutting down and abandoning module Paper2D (212)
[2017.08.09-04.04.39:747][370]LogModuleManager: Shutting down and abandoning module WindowsMoviePlayer (210)
[2017.08.09-04.04.39:747][370]LogModuleManager: Shutting down and abandoning module WmfMedia (208)
[2017.08.09-04.04.39:747][370]LogModuleManager: Shutting down and abandoning module ClothingSystemEditor (206)
[2017.08.09-04.04.39:747][370]LogModuleManager: Shutting down and abandoning module ClothingSystemRuntime (204)
[2017.08.09-04.04.39:747][370]LogModuleManager: Shutting down and abandoning module MediaAssets (202)
[2017.08.09-04.04.39:747][370]LogModuleManager: Shutting down and abandoning module GameLiveStreaming (200)
[2017.08.09-04.04.39:747][370]LogModuleManager: Shutting down and abandoning module VREditor (198)
[2017.08.09-04.04.39:747][370]LogModuleManager: Shutting down and abandoning module StringTableEditor (196)
[2017.08.09-04.04.39:747][370]LogModuleManager: Shutting down and abandoning module GameplayTasksEditor (194)
[2017.08.09-04.04.39:747][370]LogModuleManager: Shutting down and abandoning module BehaviorTreeEditor (192)
[2017.08.09-04.04.39:747][370]LogModuleManager: Shutting down and abandoning module FunctionalTesting (190)
[2017.08.09-04.04.39:747][370]LogModuleManager: Shutting down and abandoning module CollisionAnalyzer (188)
[2017.08.09-04.04.39:747][370]LogModuleManager: Shutting down and abandoning module UMG (186)
[2017.08.09-04.04.39:747][370]LogModuleManager: Shutting down and abandoning module UMGEditor (185)
[2017.08.09-04.04.39:747][370]LogModuleManager: Shutting down and abandoning module Sequencer (184)
[2017.08.09-04.04.39:748][370]LogModuleManager: Shutting down and abandoning module AssetTools (182)
[2017.08.09-04.04.39:748][370]LogModuleManager: Shutting down and abandoning module MessageLog (181)
[2017.08.09-04.04.39:748][370]LogModuleManager: Shutting down and abandoning module WorkspaceMenuStructure (180)
[2017.08.09-04.04.39:748][370]LogModuleManager: Shutting down and abandoning module SlateReflector (174)
[2017.08.09-04.04.39:748][370]LogModuleManager: Shutting down and abandoning module Slate (172)
[2017.08.09-04.04.39:748][370]LogModuleManager: Shutting down and abandoning module EditorStyle (170)
[2017.08.09-04.04.39:751][370]LogModuleManager: Shutting down and abandoning module SourceCodeAccess (168)
[2017.08.09-04.04.39:751][370]LogModuleManager: Shutting down and abandoning module HeadMountedDisplay (166)
[2017.08.09-04.04.39:751][370]LogModuleManager: Shutting down and abandoning module XAudio2 (164)
[2017.08.09-04.04.39:751][370]LogModuleManager: Shutting down and abandoning module Networking (162)
[2017.08.09-04.04.39:751][370]LogModuleManager: Shutting down and abandoning module Core (158)
[2017.08.09-04.04.39:751][370]LogModuleManager: Shutting down and abandoning module AssetRegistry (156)
[2017.08.09-04.04.39:941][370]LogDirectoryWatcher: A directory notification for '../../../Engine/Plugins/2D/Paper2D/Content/' was aborted.
[2017.08.09-04.04.39:941][370]LogDirectoryWatcher: A directory notification for '../../../Engine/Plugins/Runtime/GearVR/Content/' was aborted.
[2017.08.09-04.04.39:946][370]LogModuleManager: Shutting down and abandoning module DirectoryWatcher (155)
[2017.08.09-04.04.39:946][370]LogDirectoryWatcher: A directory notification for '../../../Engine/Content/' was aborted.
[2017.08.09-04.04.39:946][370]LogDirectoryWatcher: A directory notification for '../../../RubicksCube-JAC/MyProject/Content/' was aborted.
[2017.08.09-04.04.39:947][370]LogModuleManager: Shutting down and abandoning module KismetCompiler (152)
[2017.08.09-04.04.39:947][370]LogModuleManager: Shutting down and abandoning module LevelSequence (150)
[2017.08.09-04.04.39:947][370]LogModuleManager: Shutting down and abandoning module PhysXFormats (148)
[2017.08.09-04.04.39:947][370]LogModuleManager: Shutting down and abandoning module MeshUtilities (146)
[2017.08.09-04.04.39:947][370]LogModuleManager: Shutting down and abandoning module QuadricMeshReduction (145)
[2017.08.09-04.04.39:947][370]LogModuleManager: Shutting down and abandoning module DerivedDataCache (142)
[2017.08.09-04.04.39:985][370]LogDerivedDataCache: Shutdown
[2017.08.09-04.04.39:985][370]LogModuleManager: Shutting down and abandoning module TargetPlatform (140)
[2017.08.09-04.04.39:985][370]LogModuleManager: Shutting down and abandoning module VulkanShaderFormat (139)
[2017.08.09-04.04.39:985][370]LogModuleManager: Shutting down and abandoning module ShaderFormatVectorVM (137)
[2017.08.09-04.04.39:985][370]LogModuleManager: Shutting down and abandoning module ShaderFormatOpenGL (135)
[2017.08.09-04.04.39:985][370]LogModuleManager: Shutting down and abandoning module ShaderFormatD3D (133)
[2017.08.09-04.04.39:985][370]LogModuleManager: Shutting down and abandoning module MetalShaderFormat (131)
[2017.08.09-04.04.39:985][370]LogModuleManager: Shutting down and abandoning module TextureFormatUncompressed (129)
[2017.08.09-04.04.39:985][370]LogModuleManager: Shutting down and abandoning module TextureFormatPVR (127)
[2017.08.09-04.04.39:985][370]LogModuleManager: Shutting down and abandoning module TextureFormatDXT (125)
[2017.08.09-04.04.39:985][370]LogModuleManager: Shutting down and abandoning module TextureFormatIntelISPCTexComp (123)
[2017.08.09-04.04.39:985][370]LogModuleManager: Shutting down and abandoning module TextureFormatASTC (121)
[2017.08.09-04.04.39:985][370]LogModuleManager: Shutting down and abandoning module ImageWrapper (120)
[2017.08.09-04.04.39:985][370]LogModuleManager: Shutting down and abandoning module TextureFormatAndroid (117)
[2017.08.09-04.04.39:985][370]LogModuleManager: Shutting down and abandoning module AudioFormatOpus (115)
[2017.08.09-04.04.39:985][370]LogModuleManager: Shutting down and abandoning module AudioFormatOgg (113)
[2017.08.09-04.04.39:985][370]LogModuleManager: Shutting down and abandoning module AudioFormatADPCM (111)
[2017.08.09-04.04.39:985][370]LogModuleManager: Shutting down and abandoning module TVOSTargetPlatform (109)
[2017.08.09-04.04.39:985][370]LogModuleManager: Shutting down and abandoning module Messaging (107)
[2017.08.09-04.04.39:985][370]LogModuleManager: Shutting down and abandoning module IOSTargetPlatform (105)
[2017.08.09-04.04.39:985][370]LogModuleManager: Shutting down and abandoning module HTML5TargetPlatform (103)
[2017.08.09-04.04.39:985][370]LogModuleManager: Shutting down and abandoning module AndroidTargetPlatform (101)
[2017.08.09-04.04.39:985][370]LogModuleManager: Shutting down and abandoning module Android_PVRTCTargetPlatform (99)
[2017.08.09-04.04.39:985][370]LogModuleManager: Shutting down and abandoning module Android_MultiTargetPlatform (97)
[2017.08.09-04.04.39:985][370]LogModuleManager: Shutting down and abandoning module Android_ETC2TargetPlatform (95)
[2017.08.09-04.04.39:985][370]LogModuleManager: Shutting down and abandoning module Android_ETC1TargetPlatform (93)
[2017.08.09-04.04.39:985][370]LogModuleManager: Shutting down and abandoning module Android_DXTTargetPlatform (91)
[2017.08.09-04.04.39:985][370]LogModuleManager: Shutting down and abandoning module Android_ATCTargetPlatform (89)
[2017.08.09-04.04.39:985][370]LogModuleManager: Shutting down and abandoning module Android_ASTCTargetPlatform (87)
[2017.08.09-04.04.39:985][370]LogModuleManager: Shutting down and abandoning module WindowsTargetPlatform (85)
[2017.08.09-04.04.39:985][370]LogModuleManager: Shutting down and abandoning module WindowsServerTargetPlatform (83)
[2017.08.09-04.04.39:985][370]LogModuleManager: Shutting down and abandoning module WindowsNoEditorTargetPlatform (81)
[2017.08.09-04.04.39:985][370]LogModuleManager: Shutting down and abandoning module WindowsClientTargetPlatform (79)
[2017.08.09-04.04.39:985][370]LogModuleManager: Shutting down and abandoning module UWPTargetPlatform (77)
[2017.08.09-04.04.39:985][370]LogModuleManager: Shutting down and abandoning module UWPDeviceDetector (75)
[2017.08.09-04.04.39:985][370]LogModuleManager: Shutting down and abandoning module UWP32TargetPlatform (73)
[2017.08.09-04.04.39:985][370]LogModuleManager: Shutting down and abandoning module MacTargetPlatform (71)
[2017.08.09-04.04.39:985][370]LogModuleManager: Shutting down and abandoning module MacServerTargetPlatform (69)
[2017.08.09-04.04.39:985][370]LogModuleManager: Shutting down and abandoning module MacNoEditorTargetPlatform (67)
[2017.08.09-04.04.39:985][370]LogModuleManager: Shutting down and abandoning module MacClientTargetPlatform (65)
[2017.08.09-04.04.39:985][370]LogModuleManager: Shutting down and abandoning module AllDesktopTargetPlatform (63)
[2017.08.09-04.04.39:985][370]LogModuleManager: Shutting down and abandoning module InputCore (60)
[2017.08.09-04.04.39:985][370]LogModuleManager: Shutting down and abandoning module Settings (58)
[2017.08.09-04.04.39:985][370]LogModuleManager: Shutting down and abandoning module OculusRift (56)
[2017.08.09-04.04.39:985][370]LogModuleManager: Shutting down and abandoning module GearVRController (54)
[2017.08.09-04.04.39:985][370]LogModuleManager: Shutting down and abandoning module GearVR (52)
[2017.08.09-04.04.39:985][370]LogModuleManager: Shutting down and abandoning module ExampleDeviceProfileSelector (50)
[2017.08.09-04.04.39:985][370]LogModuleManager: Shutting down and abandoning module OnlineBlueprintSupport (48)
[2017.08.09-04.04.39:985][370]LogModuleManager: Shutting down and abandoning module OnlineSubsystem (44)
[2017.08.09-04.04.39:985][370]LogOnline:Display: Unloading online subsystem: NULL
[2017.08.09-04.04.39:985][370]LogModuleManager: Shutting down and abandoning module XMPP (43)
[2017.08.09-04.04.39:986][370]LogModuleManager: Shutting down and abandoning module HTTP (41)
[2017.08.09-04.04.39:986][370]LogHttp:Display: Http module shutting down, but needs to wait on 1 outstanding Http requests:
[2017.08.09-04.04.39:986][370]LogHttp:Display: 	verb=[POST] url=[https://datarouter.ol.epicgames.com/datarouter/api/v1/public/data?SessionID=%7BBA70BE0A-45FF-54A4-3DA7-6587EF514236%7D&AppID=UEEditor.UnrealEngine.Release&AppVersion=4.16.2-0%2B%2B%2BUE4%2BRelease-4.16&UserID=a74163f84270a0c59cad6c9371422fc8%7C%7C3748b17c-ce4e-45fd-9e7b-03b843aa70f7&AppEnvironment=datacollector-source&UploadType=eteventstream] status=Processing
[2017.08.09-04.04.40:006][370]LogModuleManager: Shutting down and abandoning module SSL (40)
[2017.08.09-04.04.40:010][370]LogModuleManager: Shutting down and abandoning module HTTPChunkInstaller (36)
[2017.08.09-04.04.40:010][370]LogModuleManager: Shutting down and abandoning module AnimationModifiers (34)
[2017.08.09-04.04.40:010][370]LogModuleManager: Shutting down and abandoning module PropertyEditor (33)
[2017.08.09-04.04.40:010][370]LogModuleManager: Shutting down and abandoning module AudioEditor (30)
[2017.08.09-04.04.40:010][370]LogModuleManager: Shutting down and abandoning module TextureCompressor (28)
[2017.08.09-04.04.40:010][370]LogModuleManager: Shutting down and abandoning module ShaderCore (26)
[2017.08.09-04.04.40:010][370]LogModuleManager: Shutting down and abandoning module Landscape (24)
[2017.08.09-04.04.40:010][370]LogModuleManager: Shutting down and abandoning module SlateRHIRenderer (22)
[2017.08.09-04.04.40:012][370]LogModuleManager: Shutting down and abandoning module OpenGLDrv (20)
[2017.08.09-04.04.40:012][370]LogModuleManager: Shutting down and abandoning module D3D11RHI (18)
[2017.08.09-04.04.40:012][370]LogModuleManager: Shutting down and abandoning module AnimGraphRuntime (16)
[2017.08.09-04.04.40:012][370]LogModuleManager: Shutting down and abandoning module Renderer (14)
[2017.08.09-04.04.40:012][370]LogModuleManager: Shutting down and abandoning module Engine (12)
[2017.08.09-04.04.40:012][370]LogModuleManager: Shutting down and abandoning module CoreUObject (10)
[2017.08.09-04.04.40:012][370]LogModuleManager: Shutting down and abandoning module NetworkFile (8)
[2017.08.09-04.04.40:012][370]LogModuleManager: Shutting down and abandoning module StreamingFile (6)
[2017.08.09-04.04.40:012][370]LogModuleManager: Shutting down and abandoning module SandboxFile (4)
[2017.08.09-04.04.40:012][370]LogModuleManager: Shutting down and abandoning module PakFile (2)
[2017.08.09-04.04.40:014][370]LogExit: Exiting.
[2017.08.09-04.04.40:029][370]Log file closed, 08/08/17 23:04:40
